1 14 81 30816
1 16 61 25038
1 18 41 19260
1 20 21 13482
1 45 92 88596
1 46 82 82818
1 47 72 77040
1 48 62 71262
1 49 52 65484
1 78 83 156006
2 3 91 30816
2 5 71 25038
2 7 51 19260
2 9 31 13482
2 35 92 82818
2 36 82 77040
2 37 72 71262
2 38 62 65484
2 39 52 59706
2 40 42 53928
2 67 93 156006
2 69 73 138672
3 25 92 77040
3 26 82 71262
3 27 72 65484
3 28 62 59706
3 29 52 53928
3 30 42 48150
3 31 32 42372
3 58 83 138672
3 60 63 121338
3 89 94 238824
4 15 92 71262
4 16 82 65484
4 17 72 59706
4 18 62 53928
4 19 52 48150
4 20 42 42372
4 21 32 36594
4 47 93 138672
4 49 73 121338
4 51 53 104004
4 79 94 227268
4 80 84 215712
5 6 82 59706
5 7 72 53928
5 8 62 48150
5 9 52 42372
5 10 42 36594
5 11 32 30816
5 12 22 25038
5 38 83 121338
5 40 63 104004
5 42 43 86670
5 69 94 215712
5 70 84 204156
5 71 74 192600
6 27 93 121338
6 29 73 104004
6 31 53 86670
6 59 94 204156
6 60 84 192600
6 61 74 181044
6 62 64 169488
6 91 95 308160
7 18 83 104004
7 20 63 86670
7 22 43 69336
7 49 94 192600
7 50 84 181044
7 51 74 169488
7 52 64 157932
7 53 54 146376
7 82 85 279270
8 9 73 86670
8 11 53 69336
8 13 33 52002
8 39 94 181044
8 40 84 169488
8 41 74 157932
8 42 64 146376
8 43 54 134820
8 71 95 279270
8 73 75 250380
9 29 94 169488
9 30 84 157932
9 31 74 146376
9 32 64 134820
9 33 54 123264
9 34 44 111708
9 62 85 250380
9 64 65 221490
9 93 96 381348
